<?xml version="1.0" encoding="UTF-8"?>
<!-- Generated by org.testng.reporters.JUnitReportReporter -->
<testsuite hostname="DEVIL" failures="0" tests="1" name="Runner.Actitime" time="2.932" errors="0" timestamp="2024-01-10T13:19:18 IST" skipped="0">
  <testcase classname="Runner.Actitime" name="runScenario" time="2.932"/>
  <system-out/>
</testsuite> <!-- Runner.Actitime -->
