<?xml version="1.0" encoding="UTF-8"?>
<!-- Generated by org.testng.reporters.JUnitReportReporter -->
<testsuite hostname="DEVIL" failures="0" tests="1" name="Runner.Runner" time="6.102" errors="0" timestamp="2024-01-10T13:19:04 IST" skipped="0">
  <testcase classname="Runner.Runner" name="runScenario" time="6.102"/>
  <system-out/>
</testsuite> <!-- Runner.Runner -->
